EDA Netlist Writer report for master_example
Sun Apr 17 21:55:04 2016
Quartus Prime Version 15.1.0 Build 185 10/21/2015 SJ Lite Edition


---------------------
; Table of Contents ;
---------------------
  1. Legal Notice
  2. EDA Netlist Writer Summary
  3. Simulation Settings
  4. Simulation Generated Files
  5. EDA Netlist Writer Messages



----------------
; Legal Notice ;
----------------
Copyright (C) 1991-2015 Altera Corporation. All rights reserved.
Your use of Altera Corporation's design tools, logic functions 
and other software and tools, and its AMPP partner logic 
functions, and any output files from any of the foregoing 
(including device programming or simulation files), and any 
associated documentation or information are expressly subject 
to the terms and conditions of the Altera Program License 
Subscription Agreement, the Altera Quartus Prime License Agreement,
the Altera MegaCore Function License Agreement, or other 
applicable license agreement, including, without limitation, 
that your use is for the sole purpose of programming logic 
devices manufactured by Altera and sold by Altera or its 
authorized distributors.  Please refer to the applicable 
agreement for further details.



+-------------------------------------------------------------------+
; EDA Netlist Writer Summary                                        ;
+---------------------------+---------------------------------------+
; EDA Netlist Writer Status ; Successful - Sun Apr 17 21:55:04 2016 ;
; Revision Name             ; master_example                        ;
; Top-level Entity Name     ; master_example                        ;
; Family                    ; Cyclone IV GX                         ;
; Simulation Files Creation ; Successful                            ;
+---------------------------+---------------------------------------+


+-------------------------------------------------------------------------------------------------------------------------------+
; Simulation Settings                                                                                                           ;
+---------------------------------------------------------------------------------------------------+---------------------------+
; Option                                                                                            ; Setting                   ;
+---------------------------------------------------------------------------------------------------+---------------------------+
; Tool Name                                                                                         ; ModelSim-Altera (Verilog) ;
; Generate netlist for functional simulation only                                                   ; Off                       ;
; Time scale                                                                                        ; 1 ps                      ;
; Truncate long hierarchy paths                                                                     ; Off                       ;
; Map illegal HDL characters                                                                        ; Off                       ;
; Flatten buses into individual nodes                                                               ; Off                       ;
; Maintain hierarchy                                                                                ; Off                       ;
; Bring out device-wide set/reset signals as ports                                                  ; Off                       ;
; Enable glitch filtering                                                                           ; Off                       ;
; Do not write top level VHDL entity                                                                ; Off                       ;
; Disable detection of setup and hold time violations in the input registers of bi-directional pins ; Off                       ;
; Architecture name in VHDL output netlist                                                          ; structure                 ;
; Generate third-party EDA tool command script for RTL functional simulation                        ; Off                       ;
; Generate third-party EDA tool command script for gate-level simulation                            ; Off                       ;
+---------------------------------------------------------------------------------------------------+---------------------------+


+---------------------------------------------------------------------------------------------------------------------+
; Simulation Generated Files                                                                                          ;
+---------------------------------------------------------------------------------------------------------------------+
; Generated Files                                                                                                     ;
+---------------------------------------------------------------------------------------------------------------------+
; C:/Users/lucas/Documents/FPGA/de2i150/demo_master_slave/simulation/modelsim/master_example_7_1200mv_85c_slow.vo     ;
; C:/Users/lucas/Documents/FPGA/de2i150/demo_master_slave/simulation/modelsim/master_example_7_1200mv_0c_slow.vo      ;
; C:/Users/lucas/Documents/FPGA/de2i150/demo_master_slave/simulation/modelsim/master_example_min_1200mv_0c_fast.vo    ;
; C:/Users/lucas/Documents/FPGA/de2i150/demo_master_slave/simulation/modelsim/master_example.vo                       ;
; C:/Users/lucas/Documents/FPGA/de2i150/demo_master_slave/simulation/modelsim/master_example_7_1200mv_85c_v_slow.sdo  ;
; C:/Users/lucas/Documents/FPGA/de2i150/demo_master_slave/simulation/modelsim/master_example_7_1200mv_0c_v_slow.sdo   ;
; C:/Users/lucas/Documents/FPGA/de2i150/demo_master_slave/simulation/modelsim/master_example_min_1200mv_0c_v_fast.sdo ;
; C:/Users/lucas/Documents/FPGA/de2i150/demo_master_slave/simulation/modelsim/master_example_v.sdo                    ;
+---------------------------------------------------------------------------------------------------------------------+


+-----------------------------+
; EDA Netlist Writer Messages ;
+-----------------------------+
Info: *******************************************************************
Info: Running Quartus Prime EDA Netlist Writer
    Info: Version 15.1.0 Build 185 10/21/2015 SJ Lite Edition
    Info: Processing started: Sun Apr 17 21:54:03 2016
Info: Command: quartus_eda --read_settings_files=off --write_settings_files=off master_example -c master_example
Info (204019): Generated file master_example_7_1200mv_85c_slow.vo in folder "C:/Users/lucas/Documents/FPGA/de2i150/demo_master_slave/simulation/modelsim/" for EDA simulation tool
Info (204019): Generated file master_example_7_1200mv_0c_slow.vo in folder "C:/Users/lucas/Documents/FPGA/de2i150/demo_master_slave/simulation/modelsim/" for EDA simulation tool
Info (204019): Generated file master_example_min_1200mv_0c_fast.vo in folder "C:/Users/lucas/Documents/FPGA/de2i150/demo_master_slave/simulation/modelsim/" for EDA simulation tool
Info (204019): Generated file master_example.vo in folder "C:/Users/lucas/Documents/FPGA/de2i150/demo_master_slave/simulation/modelsim/" for EDA simulation tool
Info (204019): Generated file master_example_7_1200mv_85c_v_slow.sdo in folder "C:/Users/lucas/Documents/FPGA/de2i150/demo_master_slave/simulation/modelsim/" for EDA simulation tool
Info (204019): Generated file master_example_7_1200mv_0c_v_slow.sdo in folder "C:/Users/lucas/Documents/FPGA/de2i150/demo_master_slave/simulation/modelsim/" for EDA simulation tool
Info (204019): Generated file master_example_min_1200mv_0c_v_fast.sdo in folder "C:/Users/lucas/Documents/FPGA/de2i150/demo_master_slave/simulation/modelsim/" for EDA simulation tool
Info (204019): Generated file master_example_v.sdo in folder "C:/Users/lucas/Documents/FPGA/de2i150/demo_master_slave/simulation/modelsim/" for EDA simulation tool
Info: Quartus Prime EDA Netlist Writer was successful. 0 errors, 0 warnings
    Info: Peak virtual memory: 944 megabytes
    Info: Processing ended: Sun Apr 17 21:55:04 2016
    Info: Elapsed time: 00:01:01
    Info: Total CPU time (on all processors): 00:01:00


